2019-11-11 19:05:34,808 INFO o.a.j.u.JMeterUtils: Setting Locale to en_EN
2019-11-11 19:05:34,849 INFO o.a.j.JMeter: Loading user properties from: /home/oki/Downloads/JMeter/apache-jmeter-5.1.1/bin/user.properties
2019-11-11 19:05:34,850 INFO o.a.j.JMeter: Loading system properties from: /home/oki/Downloads/JMeter/apache-jmeter-5.1.1/bin/system.properties
2019-11-11 19:05:34,858 INFO o.a.j.JMeter: Copyright (c) 1998-2019 The Apache Software Foundation
2019-11-11 19:05:34,858 INFO o.a.j.JMeter: Version 5.1.1 r1855137
2019-11-11 19:05:34,859 INFO o.a.j.JMeter: java.version=11.0.4
2019-11-11 19:05:34,859 INFO o.a.j.JMeter: java.vm.name=OpenJDK 64-Bit Server VM
2019-11-11 19:05:34,859 INFO o.a.j.JMeter: os.name=Linux
2019-11-11 19:05:34,859 INFO o.a.j.JMeter: os.arch=amd64
2019-11-11 19:05:34,859 INFO o.a.j.JMeter: os.version=4.15.0-66-generic
2019-11-11 19:05:34,859 INFO o.a.j.JMeter: file.encoding=UTF-8
2019-11-11 19:05:34,859 INFO o.a.j.JMeter: java.awt.headless=true
2019-11-11 19:05:34,860 INFO o.a.j.JMeter: Max memory     =1073741824
2019-11-11 19:05:34,860 INFO o.a.j.JMeter: Available Processors =8
2019-11-11 19:05:34,875 INFO o.a.j.JMeter: Default Locale=English (EN)
2019-11-11 19:05:34,876 INFO o.a.j.JMeter: JMeter  Locale=English (EN)
2019-11-11 19:05:34,876 INFO o.a.j.JMeter: JMeterHome=/home/oki/Downloads/JMeter/apache-jmeter-5.1.1
2019-11-11 19:05:34,876 INFO o.a.j.JMeter: user.dir  =/home/oki/Documents/HEIG/S5/2_AMT/Projets/Project-One
2019-11-11 19:05:34,877 INFO o.a.j.JMeter: PWD       =/home/oki/Documents/HEIG/S5/2_AMT/Projets/Project-One
2019-11-11 19:05:34,877 INFO o.a.j.JMeter: IP: 127.0.1.1 Name: oki-HP-ProBook-450-G5 FullName: oki-HP-ProBook-450-G5
2019-11-11 19:05:34,885 INFO o.a.j.s.FileServer: Default base='/home/oki/Documents/HEIG/S5/2_AMT/Projets/Project-One'
2019-11-11 19:05:34,888 INFO o.a.j.s.FileServer: Set new base='/home/oki/Documents/HEIG/S5/2_AMT/Projets/Project-One/./JMeter'
2019-11-11 19:05:35,087 INFO o.a.j.s.SaveService: Testplan (JMX) version: 2.2. Testlog (JTL) version: 2.2
2019-11-11 19:05:35,117 INFO o.a.j.s.SaveService: Using SaveService properties version 5.0
2019-11-11 19:05:35,121 INFO o.a.j.s.SaveService: Using SaveService properties file encoding UTF-8
2019-11-11 19:05:35,127 INFO o.a.j.s.SaveService: Loading file: ./JMeter/AMT-ProjectOne-TestPlan.jmx
2019-11-11 19:05:35,178 INFO o.a.j.p.h.c.CookieManager: Settings: Delete null: true Check: true Allow variable: true Save: false Prefix: COOKIE_
2019-11-11 19:05:35,188 INFO o.a.j.p.h.s.HTTPSamplerBase: Parser for text/html is org.apache.jmeter.protocol.http.parser.LagartoBasedHtmlParser
2019-11-11 19:05:35,188 INFO o.a.j.p.h.s.HTTPSamplerBase: Parser for application/xhtml+xml is org.apache.jmeter.protocol.http.parser.LagartoBasedHtmlParser
2019-11-11 19:05:35,188 INFO o.a.j.p.h.s.HTTPSamplerBase: Parser for application/xml is org.apache.jmeter.protocol.http.parser.LagartoBasedHtmlParser
2019-11-11 19:05:35,188 INFO o.a.j.p.h.s.HTTPSamplerBase: Parser for text/xml is org.apache.jmeter.protocol.http.parser.LagartoBasedHtmlParser
2019-11-11 19:05:35,189 INFO o.a.j.p.h.s.HTTPSamplerBase: Parser for text/vnd.wap.wml is org.apache.jmeter.protocol.http.parser.RegexpHTMLParser
2019-11-11 19:05:35,189 INFO o.a.j.p.h.s.HTTPSamplerBase: Parser for text/css is org.apache.jmeter.protocol.http.parser.CssParser
2019-11-11 19:05:35,232 INFO o.a.j.JMeter: Creating summariser <summary>
2019-11-11 19:05:35,238 INFO o.a.j.r.d.ReportGenerator: ReportGenerator will use for Parsing the separator: ','
2019-11-11 19:05:35,238 INFO o.a.j.r.d.ReportGenerator: Will generate report at end of test from  results file: ./result.jmx
2019-11-11 19:05:35,238 INFO o.a.j.r.d.ReportGenerator: Reading report generator properties from: /home/oki/Downloads/JMeter/apache-jmeter-5.1.1/bin/reportgenerator.properties
2019-11-11 19:05:35,239 INFO o.a.j.r.d.ReportGenerator: Merging with JMeter properties
2019-11-11 19:05:35,245 INFO o.a.j.r.c.ReportGeneratorConfiguration: Property 'jmeter.reportgenerator.temp_dir' not found, using default value 'temp' instead.
2019-11-11 19:05:35,248 INFO o.a.j.r.c.ReportGeneratorConfiguration: Property 'jmeter.reportgenerator.apdex_per_transaction' not found, using default value 'null' instead.
2019-11-11 19:05:35,249 INFO o.a.j.r.c.ReportGeneratorConfiguration: apdex_per_transaction : {} is empty, not APDEX per transaction customization
2019-11-11 19:05:35,249 INFO o.a.j.r.c.ReportGeneratorConfiguration: Property 'jmeter.reportgenerator.sample_filter' not found, using default value 'null' instead.
2019-11-11 19:05:35,249 INFO o.a.j.r.c.ReportGeneratorConfiguration: Property 'jmeter.reportgenerator.report_title' not found, using default value 'null' instead.
2019-11-11 19:05:35,249 INFO o.a.j.r.c.ReportGeneratorConfiguration: Property 'jmeter.reportgenerator.start_date' not found, using default value 'null' instead.
2019-11-11 19:05:35,249 INFO o.a.j.r.c.ReportGeneratorConfiguration: Property 'jmeter.reportgenerator.end_date' not found, using default value 'null' instead.
2019-11-11 19:05:35,250 INFO o.a.j.r.c.ReportGeneratorConfiguration: Property 'jmeter.reportgenerator.date_format' not found, using default value 'null' instead.
2019-11-11 19:05:35,250 INFO o.a.j.r.c.ReportGeneratorConfiguration: Will use date range start date: null, end date: null
2019-11-11 19:05:35,256 INFO o.a.j.r.c.ReportGeneratorConfiguration: Property 'jmeter.reportgenerator.graph.totalTPS.exclude_controllers' not found, using default value 'false' instead.
2019-11-11 19:05:35,256 INFO o.a.j.r.c.ReportGeneratorConfiguration: Property 'jmeter.reportgenerator.graph.activeThreadsOverTime.exclude_controllers' not found, using default value 'false' instead.
2019-11-11 19:05:35,256 INFO o.a.j.r.c.ReportGeneratorConfiguration: Property 'jmeter.reportgenerator.graph.timeVsThreads.exclude_controllers' not found, using default value 'false' instead.
2019-11-11 19:05:35,257 INFO o.a.j.r.c.ReportGeneratorConfiguration: Property 'jmeter.reportgenerator.graph.responseTimeDistribution.exclude_controllers' not found, using default value 'false' instead.
2019-11-11 19:05:35,257 INFO o.a.j.r.c.ReportGeneratorConfiguration: Property 'jmeter.reportgenerator.graph.transactionsPerSecond.exclude_controllers' not found, using default value 'false' instead.
2019-11-11 19:05:35,257 INFO o.a.j.r.c.ReportGeneratorConfiguration: Property 'jmeter.reportgenerator.graph.responseTimePercentiles.exclude_controllers' not found, using default value 'false' instead.
2019-11-11 19:05:35,257 INFO o.a.j.r.c.ReportGeneratorConfiguration: Property 'jmeter.reportgenerator.graph.responseTimePercentilesOverTime.exclude_controllers' not found, using default value 'false' instead.
2019-11-11 19:05:35,258 INFO o.a.j.r.c.ReportGeneratorConfiguration: Property 'jmeter.reportgenerator.graph.responseTimesOverTime.exclude_controllers' not found, using default value 'false' instead.
2019-11-11 19:05:35,258 INFO o.a.j.r.c.ReportGeneratorConfiguration: Property 'jmeter.reportgenerator.graph.connectTimeOverTime.exclude_controllers' not found, using default value 'false' instead.
2019-11-11 19:05:35,258 INFO o.a.j.r.c.ReportGeneratorConfiguration: Property 'jmeter.reportgenerator.graph.latenciesOverTime.exclude_controllers' not found, using default value 'false' instead.
2019-11-11 19:05:35,260 INFO o.a.j.r.c.ReportGeneratorConfiguration: Property 'jmeter.reportgenerator.exporter.json.filters_only_sample_series' not found, using default value 'true' instead.
2019-11-11 19:05:35,260 INFO o.a.j.r.c.ReportGeneratorConfiguration: Property 'jmeter.reportgenerator.exporter.json.series_filter' not found, using default value '' instead.
2019-11-11 19:05:35,260 INFO o.a.j.r.c.ReportGeneratorConfiguration: Property 'jmeter.reportgenerator.exporter.json.show_controllers_only' not found, using default value 'false' instead.
2019-11-11 19:05:35,261 INFO o.a.j.r.c.ReportGeneratorConfiguration: Property 'jmeter.reportgenerator.exporter.html.filters_only_sample_series' not found, using default value 'true' instead.
2019-11-11 19:05:35,262 INFO o.a.j.r.c.ReportGeneratorConfiguration: Property 'jmeter.reportgenerator.exporter.html.series_filter' not found, using default value '' instead.
2019-11-11 19:05:35,262 INFO o.a.j.r.c.ReportGeneratorConfiguration: Property 'jmeter.reportgenerator.exporter.html.show_controllers_only' not found, using default value 'false' instead.
2019-11-11 19:05:35,269 INFO o.a.j.e.StandardJMeterEngine: Running the test!
2019-11-11 19:05:35,275 INFO o.a.j.s.SampleEvent: List of sample_variables: []
2019-11-11 19:05:35,275 INFO o.a.j.s.SampleEvent: List of sample_variables: []
2019-11-11 19:05:35,286 INFO o.a.j.e.u.CompoundVariable: Note: Function class names must contain the string: '.functions.'
2019-11-11 19:05:35,286 INFO o.a.j.e.u.CompoundVariable: Note: Function class names must not contain the string: '.gui.'
2019-11-11 19:05:35,790 INFO o.a.j.JMeter: Running test (1573495535790)
2019-11-11 19:05:35,809 INFO o.a.j.e.StandardJMeterEngine: Starting ThreadGroup: 1 : Virutal users
2019-11-11 19:05:35,809 INFO o.a.j.e.StandardJMeterEngine: Starting 1 threads for group Virutal users.
2019-11-11 19:05:35,809 INFO o.a.j.e.StandardJMeterEngine: Thread will continue on error
2019-11-11 19:05:35,809 INFO o.a.j.t.ThreadGroup: Starting thread group... number=1 threads=1 ramp-up=0 delayedStart=false
2019-11-11 19:05:35,814 INFO o.a.j.t.ThreadGroup: Started thread group number 1
2019-11-11 19:05:35,814 INFO o.a.j.e.StandardJMeterEngine: All thread groups have been started
2019-11-11 19:05:35,822 INFO o.a.j.t.JMeterThread: Thread started: Virutal users 1-1
2019-11-11 19:05:35,823 INFO o.a.j.c.LoopController: iterationStart called on Loop Controller with source org.apache.jmeter.control.LoopController@61f4e509 and iteration 1
2019-11-11 19:05:36,066 INFO o.a.j.p.h.s.HTTPHCAbstractImpl: Local host = oki-HP-ProBook-450-G5
2019-11-11 19:05:36,073 INFO o.a.j.p.h.s.HTTPHC4Impl: HTTP request retry count = 0
2019-11-11 19:05:36,075 INFO o.a.j.s.SampleResult: Note: Sample TimeStamps are START times
2019-11-11 19:05:36,075 INFO o.a.j.s.SampleResult: sampleresult.default.encoding is set to ISO-8859-1
2019-11-11 19:05:36,075 INFO o.a.j.s.SampleResult: sampleresult.useNanoTime=true
2019-11-11 19:05:36,075 INFO o.a.j.s.SampleResult: sampleresult.nanoThreadSleep=5000
2019-11-11 19:05:41,248 INFO o.a.j.c.LoopController: iterationStart called on Loop Controller with source org.apache.jmeter.control.LoopController@61f4e509 and iteration 2
2019-11-11 19:05:41,445 INFO o.a.j.u.JsseSSLManager: Using default SSL protocol: TLS
2019-11-11 19:05:41,446 INFO o.a.j.u.JsseSSLManager: SSL session context: per-thread
2019-11-11 19:05:42,972 INFO o.a.j.c.LoopController: iterationStart called on Loop Controller with source org.apache.jmeter.control.LoopController@61f4e509 and iteration 3
2019-11-11 19:05:44,425 INFO o.a.j.c.LoopController: iterationStart called on Loop Controller with source org.apache.jmeter.control.LoopController@61f4e509 and iteration 4
2019-11-11 19:05:45,893 INFO o.a.j.c.LoopController: iterationStart called on Loop Controller with source org.apache.jmeter.control.LoopController@61f4e509 and iteration 5
2019-11-11 19:05:47,294 INFO o.a.j.c.LoopController: iterationStart called on Loop Controller with source org.apache.jmeter.control.LoopController@61f4e509 and iteration 6
2019-11-11 19:05:48,444 INFO o.a.j.c.LoopController: iterationStart called on Loop Controller with source org.apache.jmeter.control.LoopController@61f4e509 and iteration 7
2019-11-11 19:05:49,863 INFO o.a.j.c.LoopController: iterationStart called on Loop Controller with source org.apache.jmeter.control.LoopController@61f4e509 and iteration 8
2019-11-11 19:05:51,288 INFO o.a.j.c.LoopController: iterationStart called on Loop Controller with source org.apache.jmeter.control.LoopController@61f4e509 and iteration 9
2019-11-11 19:05:52,585 INFO o.a.j.c.LoopController: iterationStart called on Loop Controller with source org.apache.jmeter.control.LoopController@61f4e509 and iteration 10
2019-11-11 19:05:53,732 INFO o.a.j.c.LoopController: iterationStart called on Loop Controller with source org.apache.jmeter.control.LoopController@61f4e509 and iteration 11
2019-11-11 19:05:55,267 INFO o.a.j.c.LoopController: iterationStart called on Loop Controller with source org.apache.jmeter.control.LoopController@61f4e509 and iteration 12
2019-11-11 19:05:56,536 INFO o.a.j.c.LoopController: iterationStart called on Loop Controller with source org.apache.jmeter.control.LoopController@61f4e509 and iteration 13
2019-11-11 19:05:57,676 INFO o.a.j.c.LoopController: iterationStart called on Loop Controller with source org.apache.jmeter.control.LoopController@61f4e509 and iteration 14
2019-11-11 19:05:58,843 INFO o.a.j.c.LoopController: iterationStart called on Loop Controller with source org.apache.jmeter.control.LoopController@61f4e509 and iteration 15
2019-11-11 19:06:00,024 INFO o.a.j.r.Summariser: summary +     60 in 00:00:24 =    2.5/s Avg:   308 Min:     2 Max:  4201 Err:     0 (0.00%) Active: 1 Started: 1 Finished: 0
2019-11-11 19:06:00,025 INFO o.a.j.c.LoopController: iterationStart called on Loop Controller with source org.apache.jmeter.control.LoopController@61f4e509 and iteration 16
2019-11-11 19:06:01,245 INFO o.a.j.c.LoopController: iterationStart called on Loop Controller with source org.apache.jmeter.control.LoopController@61f4e509 and iteration 17
2019-11-11 19:06:02,583 INFO o.a.j.c.LoopController: iterationStart called on Loop Controller with source org.apache.jmeter.control.LoopController@61f4e509 and iteration 18
2019-11-11 19:06:03,615 INFO o.a.j.c.LoopController: iterationStart called on Loop Controller with source org.apache.jmeter.control.LoopController@61f4e509 and iteration 19
2019-11-11 19:06:04,814 INFO o.a.j.c.LoopController: iterationStart called on Loop Controller with source org.apache.jmeter.control.LoopController@61f4e509 and iteration 20
2019-11-11 19:06:05,947 INFO o.a.j.c.LoopController: iterationStart called on Loop Controller with source org.apache.jmeter.control.LoopController@61f4e509 and iteration 21
2019-11-11 19:06:07,010 INFO o.a.j.c.LoopController: iterationStart called on Loop Controller with source org.apache.jmeter.control.LoopController@61f4e509 and iteration 22
2019-11-11 19:06:08,361 INFO o.a.j.c.LoopController: iterationStart called on Loop Controller with source org.apache.jmeter.control.LoopController@61f4e509 and iteration 23
2019-11-11 19:06:09,507 INFO o.a.j.c.LoopController: iterationStart called on Loop Controller with source org.apache.jmeter.control.LoopController@61f4e509 and iteration 24
2019-11-11 19:06:10,628 INFO o.a.j.c.LoopController: iterationStart called on Loop Controller with source org.apache.jmeter.control.LoopController@61f4e509 and iteration 25
2019-11-11 19:06:11,846 INFO o.a.j.c.LoopController: iterationStart called on Loop Controller with source org.apache.jmeter.control.LoopController@61f4e509 and iteration 26
2019-11-11 19:06:12,835 INFO o.a.j.c.LoopController: iterationStart called on Loop Controller with source org.apache.jmeter.control.LoopController@61f4e509 and iteration 27
2019-11-11 19:06:13,817 INFO o.a.j.c.LoopController: iterationStart called on Loop Controller with source org.apache.jmeter.control.LoopController@61f4e509 and iteration 28
2019-11-11 19:06:14,770 INFO o.a.j.c.LoopController: iterationStart called on Loop Controller with source org.apache.jmeter.control.LoopController@61f4e509 and iteration 29
2019-11-11 19:06:15,876 INFO o.a.j.c.LoopController: iterationStart called on Loop Controller with source org.apache.jmeter.control.LoopController@61f4e509 and iteration 30
2019-11-11 19:06:17,169 INFO o.a.j.c.LoopController: iterationStart called on Loop Controller with source org.apache.jmeter.control.LoopController@61f4e509 and iteration 31
2019-11-11 19:06:18,323 INFO o.a.j.c.LoopController: iterationStart called on Loop Controller with source org.apache.jmeter.control.LoopController@61f4e509 and iteration 32
2019-11-11 19:06:19,398 INFO o.a.j.c.LoopController: iterationStart called on Loop Controller with source org.apache.jmeter.control.LoopController@61f4e509 and iteration 33
2019-11-11 19:06:20,618 INFO o.a.j.c.LoopController: iterationStart called on Loop Controller with source org.apache.jmeter.control.LoopController@61f4e509 and iteration 34
2019-11-11 19:06:21,682 INFO o.a.j.c.LoopController: iterationStart called on Loop Controller with source org.apache.jmeter.control.LoopController@61f4e509 and iteration 35
2019-11-11 19:06:22,832 INFO o.a.j.c.LoopController: iterationStart called on Loop Controller with source org.apache.jmeter.control.LoopController@61f4e509 and iteration 36
2019-11-11 19:06:23,973 INFO o.a.j.c.LoopController: iterationStart called on Loop Controller with source org.apache.jmeter.control.LoopController@61f4e509 and iteration 37
2019-11-11 19:06:25,423 INFO o.a.j.c.LoopController: iterationStart called on Loop Controller with source org.apache.jmeter.control.LoopController@61f4e509 and iteration 38
2019-11-11 19:06:26,903 INFO o.a.j.c.LoopController: iterationStart called on Loop Controller with source org.apache.jmeter.control.LoopController@61f4e509 and iteration 39
2019-11-11 19:06:28,199 INFO o.a.j.c.LoopController: iterationStart called on Loop Controller with source org.apache.jmeter.control.LoopController@61f4e509 and iteration 40
2019-11-11 19:06:29,239 INFO o.a.j.c.LoopController: iterationStart called on Loop Controller with source org.apache.jmeter.control.LoopController@61f4e509 and iteration 41
2019-11-11 19:06:30,362 INFO o.a.j.r.Summariser: summary +    102 in 00:00:30 =    3.4/s Avg:   208 Min:     1 Max:   506 Err:     0 (0.00%) Active: 1 Started: 1 Finished: 0
2019-11-11 19:06:30,363 INFO o.a.j.r.Summariser: summary =    162 in 00:00:55 =    3.0/s Avg:   245 Min:     1 Max:  4201 Err:     0 (0.00%)
2019-11-11 19:06:30,550 INFO o.a.j.c.LoopController: iterationStart called on Loop Controller with source org.apache.jmeter.control.LoopController@61f4e509 and iteration 42
2019-11-11 19:06:31,767 INFO o.a.j.c.LoopController: iterationStart called on Loop Controller with source org.apache.jmeter.control.LoopController@61f4e509 and iteration 43
2019-11-11 19:06:33,033 INFO o.a.j.c.LoopController: iterationStart called on Loop Controller with source org.apache.jmeter.control.LoopController@61f4e509 and iteration 44
2019-11-11 19:06:34,172 INFO o.a.j.c.LoopController: iterationStart called on Loop Controller with source org.apache.jmeter.control.LoopController@61f4e509 and iteration 45
2019-11-11 19:06:35,519 INFO o.a.j.c.LoopController: iterationStart called on Loop Controller with source org.apache.jmeter.control.LoopController@61f4e509 and iteration 46
2019-11-11 19:06:36,653 INFO o.a.j.c.LoopController: iterationStart called on Loop Controller with source org.apache.jmeter.control.LoopController@61f4e509 and iteration 47
2019-11-11 19:06:37,916 INFO o.a.j.c.LoopController: iterationStart called on Loop Controller with source org.apache.jmeter.control.LoopController@61f4e509 and iteration 48
2019-11-11 19:06:39,008 INFO o.a.j.c.LoopController: iterationStart called on Loop Controller with source org.apache.jmeter.control.LoopController@61f4e509 and iteration 49
2019-11-11 19:06:40,188 INFO o.a.j.c.LoopController: iterationStart called on Loop Controller with source org.apache.jmeter.control.LoopController@61f4e509 and iteration 50
2019-11-11 19:06:41,293 INFO o.a.j.c.LoopController: iterationStart called on Loop Controller with source org.apache.jmeter.control.LoopController@61f4e509 and iteration 51
2019-11-11 19:06:42,413 INFO o.a.j.c.LoopController: iterationStart called on Loop Controller with source org.apache.jmeter.control.LoopController@61f4e509 and iteration 52
2019-11-11 19:06:43,638 INFO o.a.j.c.LoopController: iterationStart called on Loop Controller with source org.apache.jmeter.control.LoopController@61f4e509 and iteration 53
2019-11-11 19:06:44,884 INFO o.a.j.c.LoopController: iterationStart called on Loop Controller with source org.apache.jmeter.control.LoopController@61f4e509 and iteration 54
2019-11-11 19:06:46,111 INFO o.a.j.c.LoopController: iterationStart called on Loop Controller with source org.apache.jmeter.control.LoopController@61f4e509 and iteration 55
2019-11-11 19:06:47,186 INFO o.a.j.c.LoopController: iterationStart called on Loop Controller with source org.apache.jmeter.control.LoopController@61f4e509 and iteration 56
2019-11-11 19:06:48,499 INFO o.a.j.c.LoopController: iterationStart called on Loop Controller with source org.apache.jmeter.control.LoopController@61f4e509 and iteration 57
2019-11-11 19:06:49,702 INFO o.a.j.c.LoopController: iterationStart called on Loop Controller with source org.apache.jmeter.control.LoopController@61f4e509 and iteration 58
2019-11-11 19:06:50,915 INFO o.a.j.c.LoopController: iterationStart called on Loop Controller with source org.apache.jmeter.control.LoopController@61f4e509 and iteration 59
2019-11-11 19:06:52,044 INFO o.a.j.c.LoopController: iterationStart called on Loop Controller with source org.apache.jmeter.control.LoopController@61f4e509 and iteration 60
2019-11-11 19:06:53,095 INFO o.a.j.c.LoopController: iterationStart called on Loop Controller with source org.apache.jmeter.control.LoopController@61f4e509 and iteration 61
2019-11-11 19:06:54,429 INFO o.a.j.c.LoopController: iterationStart called on Loop Controller with source org.apache.jmeter.control.LoopController@61f4e509 and iteration 62
2019-11-11 19:06:55,616 INFO o.a.j.c.LoopController: iterationStart called on Loop Controller with source org.apache.jmeter.control.LoopController@61f4e509 and iteration 63
2019-11-11 19:06:56,778 INFO o.a.j.c.LoopController: iterationStart called on Loop Controller with source org.apache.jmeter.control.LoopController@61f4e509 and iteration 64
2019-11-11 19:06:57,926 INFO o.a.j.c.LoopController: iterationStart called on Loop Controller with source org.apache.jmeter.control.LoopController@61f4e509 and iteration 65
2019-11-11 19:06:59,544 INFO o.a.j.c.LoopController: iterationStart called on Loop Controller with source org.apache.jmeter.control.LoopController@61f4e509 and iteration 66
2019-11-11 19:07:00,078 INFO o.a.j.r.Summariser: summary +     99 in 00:00:30 =    3.3/s Avg:   219 Min:     1 Max:   584 Err:     0 (0.00%) Active: 1 Started: 1 Finished: 0
2019-11-11 19:07:00,078 INFO o.a.j.r.Summariser: summary =    261 in 00:01:24 =    3.1/s Avg:   235 Min:     1 Max:  4201 Err:     0 (0.00%)
2019-11-11 19:07:00,642 INFO o.a.j.c.LoopController: iterationStart called on Loop Controller with source org.apache.jmeter.control.LoopController@61f4e509 and iteration 67
2019-11-11 19:07:01,937 INFO o.a.j.c.LoopController: iterationStart called on Loop Controller with source org.apache.jmeter.control.LoopController@61f4e509 and iteration 68
2019-11-11 19:07:03,193 INFO o.a.j.c.LoopController: iterationStart called on Loop Controller with source org.apache.jmeter.control.LoopController@61f4e509 and iteration 69
2019-11-11 19:07:04,607 INFO o.a.j.c.LoopController: iterationStart called on Loop Controller with source org.apache.jmeter.control.LoopController@61f4e509 and iteration 70
2019-11-11 19:07:05,953 INFO o.a.j.c.LoopController: iterationStart called on Loop Controller with source org.apache.jmeter.control.LoopController@61f4e509 and iteration 71
2019-11-11 19:07:07,138 INFO o.a.j.c.LoopController: iterationStart called on Loop Controller with source org.apache.jmeter.control.LoopController@61f4e509 and iteration 72
2019-11-11 19:07:08,519 INFO o.a.j.c.LoopController: iterationStart called on Loop Controller with source org.apache.jmeter.control.LoopController@61f4e509 and iteration 73
2019-11-11 19:07:09,784 INFO o.a.j.c.LoopController: iterationStart called on Loop Controller with source org.apache.jmeter.control.LoopController@61f4e509 and iteration 74
2019-11-11 19:07:11,279 INFO o.a.j.c.LoopController: iterationStart called on Loop Controller with source org.apache.jmeter.control.LoopController@61f4e509 and iteration 75
2019-11-11 19:07:12,708 INFO o.a.j.c.LoopController: iterationStart called on Loop Controller with source org.apache.jmeter.control.LoopController@61f4e509 and iteration 76
2019-11-11 19:07:14,267 INFO o.a.j.c.LoopController: iterationStart called on Loop Controller with source org.apache.jmeter.control.LoopController@61f4e509 and iteration 77
2019-11-11 19:07:15,487 INFO o.a.j.c.LoopController: iterationStart called on Loop Controller with source org.apache.jmeter.control.LoopController@61f4e509 and iteration 78
2019-11-11 19:07:17,078 INFO o.a.j.c.LoopController: iterationStart called on Loop Controller with source org.apache.jmeter.control.LoopController@61f4e509 and iteration 79
2019-11-11 19:07:18,456 INFO o.a.j.c.LoopController: iterationStart called on Loop Controller with source org.apache.jmeter.control.LoopController@61f4e509 and iteration 80
2019-11-11 19:07:19,973 INFO o.a.j.c.LoopController: iterationStart called on Loop Controller with source org.apache.jmeter.control.LoopController@61f4e509 and iteration 81
2019-11-11 19:07:21,495 INFO o.a.j.c.LoopController: iterationStart called on Loop Controller with source org.apache.jmeter.control.LoopController@61f4e509 and iteration 82
2019-11-11 19:07:22,733 INFO o.a.j.c.LoopController: iterationStart called on Loop Controller with source org.apache.jmeter.control.LoopController@61f4e509 and iteration 83
2019-11-11 19:07:24,426 INFO o.a.j.c.LoopController: iterationStart called on Loop Controller with source org.apache.jmeter.control.LoopController@61f4e509 and iteration 84
2019-11-11 19:07:25,950 INFO o.a.j.c.LoopController: iterationStart called on Loop Controller with source org.apache.jmeter.control.LoopController@61f4e509 and iteration 85
2019-11-11 19:07:27,146 INFO o.a.j.c.LoopController: iterationStart called on Loop Controller with source org.apache.jmeter.control.LoopController@61f4e509 and iteration 86
2019-11-11 19:07:28,632 INFO o.a.j.c.LoopController: iterationStart called on Loop Controller with source org.apache.jmeter.control.LoopController@61f4e509 and iteration 87
2019-11-11 19:07:29,882 INFO o.a.j.c.LoopController: iterationStart called on Loop Controller with source org.apache.jmeter.control.LoopController@61f4e509 and iteration 88
2019-11-11 19:07:30,529 INFO o.a.j.r.Summariser: summary +     88 in 00:00:30 =    2.9/s Avg:   259 Min:     1 Max:   784 Err:     0 (0.00%) Active: 1 Started: 1 Finished: 0
2019-11-11 19:07:30,530 INFO o.a.j.r.Summariser: summary =    349 in 00:01:55 =    3.0/s Avg:   241 Min:     1 Max:  4201 Err:     0 (0.00%)
2019-11-11 19:07:31,410 INFO o.a.j.c.LoopController: iterationStart called on Loop Controller with source org.apache.jmeter.control.LoopController@61f4e509 and iteration 89
2019-11-11 19:07:32,588 INFO o.a.j.c.LoopController: iterationStart called on Loop Controller with source org.apache.jmeter.control.LoopController@61f4e509 and iteration 90
2019-11-11 19:07:33,744 INFO o.a.j.c.LoopController: iterationStart called on Loop Controller with source org.apache.jmeter.control.LoopController@61f4e509 and iteration 91
2019-11-11 19:07:35,179 INFO o.a.j.c.LoopController: iterationStart called on Loop Controller with source org.apache.jmeter.control.LoopController@61f4e509 and iteration 92
2019-11-11 19:07:36,405 INFO o.a.j.c.LoopController: iterationStart called on Loop Controller with source org.apache.jmeter.control.LoopController@61f4e509 and iteration 93
2019-11-11 19:07:37,431 INFO o.a.j.c.LoopController: iterationStart called on Loop Controller with source org.apache.jmeter.control.LoopController@61f4e509 and iteration 94
2019-11-11 19:07:38,805 INFO o.a.j.c.LoopController: iterationStart called on Loop Controller with source org.apache.jmeter.control.LoopController@61f4e509 and iteration 95
2019-11-11 19:07:40,137 INFO o.a.j.c.LoopController: iterationStart called on Loop Controller with source org.apache.jmeter.control.LoopController@61f4e509 and iteration 96
2019-11-11 19:07:41,444 INFO o.a.j.c.LoopController: iterationStart called on Loop Controller with source org.apache.jmeter.control.LoopController@61f4e509 and iteration 97
2019-11-11 19:07:42,507 INFO o.a.j.c.LoopController: iterationStart called on Loop Controller with source org.apache.jmeter.control.LoopController@61f4e509 and iteration 98
2019-11-11 19:07:43,671 INFO o.a.j.c.LoopController: iterationStart called on Loop Controller with source org.apache.jmeter.control.LoopController@61f4e509 and iteration 99
2019-11-11 19:07:44,940 INFO o.a.j.c.LoopController: iterationStart called on Loop Controller with source org.apache.jmeter.control.LoopController@61f4e509 and iteration 100
2019-11-11 19:07:46,198 INFO o.a.j.c.LoopController: iterationStart called on Loop Controller with source org.apache.jmeter.control.LoopController@61f4e509 and iteration 101
2019-11-11 19:07:47,568 INFO o.a.j.c.LoopController: iterationStart called on Loop Controller with source org.apache.jmeter.control.LoopController@61f4e509 and iteration 102
2019-11-11 19:07:48,649 INFO o.a.j.c.LoopController: iterationStart called on Loop Controller with source org.apache.jmeter.control.LoopController@61f4e509 and iteration 103
2019-11-11 19:07:49,761 INFO o.a.j.c.LoopController: iterationStart called on Loop Controller with source org.apache.jmeter.control.LoopController@61f4e509 and iteration 104
2019-11-11 19:07:50,894 INFO o.a.j.c.LoopController: iterationStart called on Loop Controller with source org.apache.jmeter.control.LoopController@61f4e509 and iteration 105
2019-11-11 19:07:52,089 INFO o.a.j.c.LoopController: iterationStart called on Loop Controller with source org.apache.jmeter.control.LoopController@61f4e509 and iteration 106
2019-11-11 19:07:53,590 INFO o.a.j.c.LoopController: iterationStart called on Loop Controller with source org.apache.jmeter.control.LoopController@61f4e509 and iteration 107
2019-11-11 19:07:54,753 INFO o.a.j.c.LoopController: iterationStart called on Loop Controller with source org.apache.jmeter.control.LoopController@61f4e509 and iteration 108
2019-11-11 19:07:56,052 INFO o.a.j.c.LoopController: iterationStart called on Loop Controller with source org.apache.jmeter.control.LoopController@61f4e509 and iteration 109
2019-11-11 19:07:57,274 INFO o.a.j.c.LoopController: iterationStart called on Loop Controller with source org.apache.jmeter.control.LoopController@61f4e509 and iteration 110
2019-11-11 19:07:58,701 INFO o.a.j.c.LoopController: iterationStart called on Loop Controller with source org.apache.jmeter.control.LoopController@61f4e509 and iteration 111
2019-11-11 19:07:59,781 INFO o.a.j.c.LoopController: iterationStart called on Loop Controller with source org.apache.jmeter.control.LoopController@61f4e509 and iteration 112
2019-11-11 19:08:00,484 INFO o.a.j.r.Summariser: summary +     96 in 00:00:30 =    3.2/s Avg:   235 Min:     1 Max:   787 Err:     0 (0.00%) Active: 1 Started: 1 Finished: 0
2019-11-11 19:08:00,484 INFO o.a.j.r.Summariser: summary =    445 in 00:02:25 =    3.1/s Avg:   240 Min:     1 Max:  4201 Err:     0 (0.00%)
2019-11-11 19:08:01,227 INFO o.a.j.c.LoopController: iterationStart called on Loop Controller with source org.apache.jmeter.control.LoopController@61f4e509 and iteration 113
2019-11-11 19:08:02,767 INFO o.a.j.c.LoopController: iterationStart called on Loop Controller with source org.apache.jmeter.control.LoopController@61f4e509 and iteration 114
2019-11-11 19:08:04,105 INFO o.a.j.c.LoopController: iterationStart called on Loop Controller with source org.apache.jmeter.control.LoopController@61f4e509 and iteration 115
2019-11-11 19:08:05,536 INFO o.a.j.c.LoopController: iterationStart called on Loop Controller with source org.apache.jmeter.control.LoopController@61f4e509 and iteration 116
2019-11-11 19:08:06,662 INFO o.a.j.c.LoopController: iterationStart called on Loop Controller with source org.apache.jmeter.control.LoopController@61f4e509 and iteration 117
2019-11-11 19:08:07,865 INFO o.a.j.c.LoopController: iterationStart called on Loop Controller with source org.apache.jmeter.control.LoopController@61f4e509 and iteration 118
2019-11-11 19:08:09,109 INFO o.a.j.c.LoopController: iterationStart called on Loop Controller with source org.apache.jmeter.control.LoopController@61f4e509 and iteration 119
2019-11-11 19:08:10,630 INFO o.a.j.c.LoopController: iterationStart called on Loop Controller with source org.apache.jmeter.control.LoopController@61f4e509 and iteration 120
2019-11-11 19:08:11,888 INFO o.a.j.c.LoopController: iterationStart called on Loop Controller with source org.apache.jmeter.control.LoopController@61f4e509 and iteration 121
2019-11-11 19:08:13,058 INFO o.a.j.c.LoopController: iterationStart called on Loop Controller with source org.apache.jmeter.control.LoopController@61f4e509 and iteration 122
2019-11-11 19:08:14,185 INFO o.a.j.c.LoopController: iterationStart called on Loop Controller with source org.apache.jmeter.control.LoopController@61f4e509 and iteration 123
2019-11-11 19:08:15,362 INFO o.a.j.c.LoopController: iterationStart called on Loop Controller with source org.apache.jmeter.control.LoopController@61f4e509 and iteration 124
2019-11-11 19:08:16,741 INFO o.a.j.c.LoopController: iterationStart called on Loop Controller with source org.apache.jmeter.control.LoopController@61f4e509 and iteration 125
2019-11-11 19:08:18,369 INFO o.a.j.c.LoopController: iterationStart called on Loop Controller with source org.apache.jmeter.control.LoopController@61f4e509 and iteration 126
2019-11-11 19:08:19,756 INFO o.a.j.c.LoopController: iterationStart called on Loop Controller with source org.apache.jmeter.control.LoopController@61f4e509 and iteration 127
2019-11-11 19:08:21,305 INFO o.a.j.c.LoopController: iterationStart called on Loop Controller with source org.apache.jmeter.control.LoopController@61f4e509 and iteration 128
2019-11-11 19:08:22,643 INFO o.a.j.c.LoopController: iterationStart called on Loop Controller with source org.apache.jmeter.control.LoopController@61f4e509 and iteration 129
2019-11-11 19:08:23,961 INFO o.a.j.c.LoopController: iterationStart called on Loop Controller with source org.apache.jmeter.control.LoopController@61f4e509 and iteration 130
2019-11-11 19:08:25,316 INFO o.a.j.c.LoopController: iterationStart called on Loop Controller with source org.apache.jmeter.control.LoopController@61f4e509 and iteration 131
2019-11-11 19:08:26,779 INFO o.a.j.c.LoopController: iterationStart called on Loop Controller with source org.apache.jmeter.control.LoopController@61f4e509 and iteration 132
2019-11-11 19:08:28,114 INFO o.a.j.c.LoopController: iterationStart called on Loop Controller with source org.apache.jmeter.control.LoopController@61f4e509 and iteration 133
2019-11-11 19:08:29,835 INFO o.a.j.c.LoopController: iterationStart called on Loop Controller with source org.apache.jmeter.control.LoopController@61f4e509 and iteration 134
2019-11-11 19:08:30,382 INFO o.a.j.r.Summariser: summary +     88 in 00:00:30 =    2.9/s Avg:   248 Min:     1 Max:   758 Err:     0 (0.00%) Active: 1 Started: 1 Finished: 0
2019-11-11 19:08:30,383 INFO o.a.j.r.Summariser: summary =    533 in 00:02:55 =    3.1/s Avg:   241 Min:     1 Max:  4201 Err:     0 (0.00%)
2019-11-11 19:08:31,110 INFO o.a.j.c.LoopController: iterationStart called on Loop Controller with source org.apache.jmeter.control.LoopController@61f4e509 and iteration 135
2019-11-11 19:08:32,367 INFO o.a.j.c.LoopController: iterationStart called on Loop Controller with source org.apache.jmeter.control.LoopController@61f4e509 and iteration 136
2019-11-11 19:08:34,043 INFO o.a.j.c.LoopController: iterationStart called on Loop Controller with source org.apache.jmeter.control.LoopController@61f4e509 and iteration 137
2019-11-11 19:08:35,645 INFO o.a.j.c.LoopController: iterationStart called on Loop Controller with source org.apache.jmeter.control.LoopController@61f4e509 and iteration 138
2019-11-11 19:08:36,872 INFO o.a.j.c.LoopController: iterationStart called on Loop Controller with source org.apache.jmeter.control.LoopController@61f4e509 and iteration 139
2019-11-11 19:08:38,601 INFO o.a.j.c.LoopController: iterationStart called on Loop Controller with source org.apache.jmeter.control.LoopController@61f4e509 and iteration 140
2019-11-11 19:08:40,100 INFO o.a.j.c.LoopController: iterationStart called on Loop Controller with source org.apache.jmeter.control.LoopController@61f4e509 and iteration 141
2019-11-11 19:08:41,449 INFO o.a.j.c.LoopController: iterationStart called on Loop Controller with source org.apache.jmeter.control.LoopController@61f4e509 and iteration 142
2019-11-11 19:08:42,908 INFO o.a.j.c.LoopController: iterationStart called on Loop Controller with source org.apache.jmeter.control.LoopController@61f4e509 and iteration 143
2019-11-11 19:08:44,497 INFO o.a.j.c.LoopController: iterationStart called on Loop Controller with source org.apache.jmeter.control.LoopController@61f4e509 and iteration 144
2019-11-11 19:08:45,728 INFO o.a.j.c.LoopController: iterationStart called on Loop Controller with source org.apache.jmeter.control.LoopController@61f4e509 and iteration 145
2019-11-11 19:08:46,942 INFO o.a.j.c.LoopController: iterationStart called on Loop Controller with source org.apache.jmeter.control.LoopController@61f4e509 and iteration 146
2019-11-11 19:08:48,296 INFO o.a.j.c.LoopController: iterationStart called on Loop Controller with source org.apache.jmeter.control.LoopController@61f4e509 and iteration 147
2019-11-11 19:08:49,541 INFO o.a.j.c.LoopController: iterationStart called on Loop Controller with source org.apache.jmeter.control.LoopController@61f4e509 and iteration 148
2019-11-11 19:08:50,903 INFO o.a.j.c.LoopController: iterationStart called on Loop Controller with source org.apache.jmeter.control.LoopController@61f4e509 and iteration 149
2019-11-11 19:08:52,482 INFO o.a.j.c.LoopController: iterationStart called on Loop Controller with source org.apache.jmeter.control.LoopController@61f4e509 and iteration 150
2019-11-11 19:08:53,724 INFO o.a.j.c.LoopController: iterationStart called on Loop Controller with source org.apache.jmeter.control.LoopController@61f4e509 and iteration 151
2019-11-11 19:08:55,313 INFO o.a.j.c.LoopController: iterationStart called on Loop Controller with source org.apache.jmeter.control.LoopController@61f4e509 and iteration 152
2019-11-11 19:08:57,035 INFO o.a.j.c.LoopController: iterationStart called on Loop Controller with source org.apache.jmeter.control.LoopController@61f4e509 and iteration 153
2019-11-11 19:08:58,374 INFO o.a.j.c.LoopController: iterationStart called on Loop Controller with source org.apache.jmeter.control.LoopController@61f4e509 and iteration 154
2019-11-11 19:09:00,099 INFO o.a.j.r.Summariser: summary +     83 in 00:00:30 =    2.8/s Avg:   268 Min:     1 Max:   668 Err:     0 (0.00%) Active: 1 Started: 1 Finished: 0
2019-11-11 19:09:00,100 INFO o.a.j.r.Summariser: summary =    616 in 00:03:24 =    3.0/s Avg:   245 Min:     1 Max:  4201 Err:     0 (0.00%)
2019-11-11 19:09:00,100 INFO o.a.j.c.LoopController: iterationStart called on Loop Controller with source org.apache.jmeter.control.LoopController@61f4e509 and iteration 155
2019-11-11 19:09:01,576 INFO o.a.j.c.LoopController: iterationStart called on Loop Controller with source org.apache.jmeter.control.LoopController@61f4e509 and iteration 156
2019-11-11 19:09:02,929 INFO o.a.j.c.LoopController: iterationStart called on Loop Controller with source org.apache.jmeter.control.LoopController@61f4e509 and iteration 157
2019-11-11 19:09:04,095 INFO o.a.j.c.LoopController: iterationStart called on Loop Controller with source org.apache.jmeter.control.LoopController@61f4e509 and iteration 158
2019-11-11 19:09:05,420 INFO o.a.j.c.LoopController: iterationStart called on Loop Controller with source org.apache.jmeter.control.LoopController@61f4e509 and iteration 159
2019-11-11 19:09:06,856 INFO o.a.j.c.LoopController: iterationStart called on Loop Controller with source org.apache.jmeter.control.LoopController@61f4e509 and iteration 160
2019-11-11 19:09:08,199 INFO o.a.j.c.LoopController: iterationStart called on Loop Controller with source org.apache.jmeter.control.LoopController@61f4e509 and iteration 161
2019-11-11 19:09:09,691 INFO o.a.j.c.LoopController: iterationStart called on Loop Controller with source org.apache.jmeter.control.LoopController@61f4e509 and iteration 162
2019-11-11 19:09:10,812 INFO o.a.j.c.LoopController: iterationStart called on Loop Controller with source org.apache.jmeter.control.LoopController@61f4e509 and iteration 163
2019-11-11 19:09:12,017 INFO o.a.j.c.LoopController: iterationStart called on Loop Controller with source org.apache.jmeter.control.LoopController@61f4e509 and iteration 164
2019-11-11 19:09:13,209 INFO o.a.j.c.LoopController: iterationStart called on Loop Controller with source org.apache.jmeter.control.LoopController@61f4e509 and iteration 165
2019-11-11 19:09:14,884 INFO o.a.j.c.LoopController: iterationStart called on Loop Controller with source org.apache.jmeter.control.LoopController@61f4e509 and iteration 166
2019-11-11 19:09:16,490 INFO o.a.j.c.LoopController: iterationStart called on Loop Controller with source org.apache.jmeter.control.LoopController@61f4e509 and iteration 167
2019-11-11 19:09:17,783 INFO o.a.j.c.LoopController: iterationStart called on Loop Controller with source org.apache.jmeter.control.LoopController@61f4e509 and iteration 168
2019-11-11 19:09:18,918 INFO o.a.j.c.LoopController: iterationStart called on Loop Controller with source org.apache.jmeter.control.LoopController@61f4e509 and iteration 169
2019-11-11 19:09:20,398 INFO o.a.j.c.LoopController: iterationStart called on Loop Controller with source org.apache.jmeter.control.LoopController@61f4e509 and iteration 170
2019-11-11 19:09:21,597 INFO o.a.j.c.LoopController: iterationStart called on Loop Controller with source org.apache.jmeter.control.LoopController@61f4e509 and iteration 171
2019-11-11 19:09:22,916 INFO o.a.j.c.LoopController: iterationStart called on Loop Controller with source org.apache.jmeter.control.LoopController@61f4e509 and iteration 172
2019-11-11 19:09:24,530 INFO o.a.j.c.LoopController: iterationStart called on Loop Controller with source org.apache.jmeter.control.LoopController@61f4e509 and iteration 173
2019-11-11 19:09:26,005 INFO o.a.j.c.LoopController: iterationStart called on Loop Controller with source org.apache.jmeter.control.LoopController@61f4e509 and iteration 174
2019-11-11 19:09:27,119 INFO o.a.j.c.LoopController: iterationStart called on Loop Controller with source org.apache.jmeter.control.LoopController@61f4e509 and iteration 175
2019-11-11 19:09:28,272 INFO o.a.j.c.LoopController: iterationStart called on Loop Controller with source org.apache.jmeter.control.LoopController@61f4e509 and iteration 176
2019-11-11 19:09:29,566 INFO o.a.j.c.LoopController: iterationStart called on Loop Controller with source org.apache.jmeter.control.LoopController@61f4e509 and iteration 177
2019-11-11 19:09:30,151 INFO o.a.j.r.Summariser: summary +     89 in 00:00:30 =    3.0/s Avg:   252 Min:     1 Max:   753 Err:     0 (0.00%) Active: 1 Started: 1 Finished: 0
2019-11-11 19:09:30,152 INFO o.a.j.r.Summariser: summary =    705 in 00:03:54 =    3.0/s Avg:   246 Min:     1 Max:  4201 Err:     0 (0.00%)
2019-11-11 19:09:30,832 INFO o.a.j.c.LoopController: iterationStart called on Loop Controller with source org.apache.jmeter.control.LoopController@61f4e509 and iteration 178
2019-11-11 19:09:32,007 INFO o.a.j.c.LoopController: iterationStart called on Loop Controller with source org.apache.jmeter.control.LoopController@61f4e509 and iteration 179
2019-11-11 19:09:33,045 INFO o.a.j.c.LoopController: iterationStart called on Loop Controller with source org.apache.jmeter.control.LoopController@61f4e509 and iteration 180
2019-11-11 19:09:34,450 INFO o.a.j.c.LoopController: iterationStart called on Loop Controller with source org.apache.jmeter.control.LoopController@61f4e509 and iteration 181
2019-11-11 19:09:35,801 INFO o.a.j.c.LoopController: iterationStart called on Loop Controller with source org.apache.jmeter.control.LoopController@61f4e509 and iteration 182
2019-11-11 19:09:37,134 INFO o.a.j.c.LoopController: iterationStart called on Loop Controller with source org.apache.jmeter.control.LoopController@61f4e509 and iteration 183
2019-11-11 19:09:38,521 INFO o.a.j.c.LoopController: iterationStart called on Loop Controller with source org.apache.jmeter.control.LoopController@61f4e509 and iteration 184
2019-11-11 19:09:39,828 INFO o.a.j.c.LoopController: iterationStart called on Loop Controller with source org.apache.jmeter.control.LoopController@61f4e509 and iteration 185
2019-11-11 19:09:40,964 INFO o.a.j.c.LoopController: iterationStart called on Loop Controller with source org.apache.jmeter.control.LoopController@61f4e509 and iteration 186
2019-11-11 19:09:41,980 INFO o.a.j.c.LoopController: iterationStart called on Loop Controller with source org.apache.jmeter.control.LoopController@61f4e509 and iteration 187
2019-11-11 19:09:43,357 INFO o.a.j.c.LoopController: iterationStart called on Loop Controller with source org.apache.jmeter.control.LoopController@61f4e509 and iteration 188
2019-11-11 19:09:44,469 INFO o.a.j.c.LoopController: iterationStart called on Loop Controller with source org.apache.jmeter.control.LoopController@61f4e509 and iteration 189
2019-11-11 19:09:45,752 INFO o.a.j.c.LoopController: iterationStart called on Loop Controller with source org.apache.jmeter.control.LoopController@61f4e509 and iteration 190
2019-11-11 19:09:47,145 INFO o.a.j.c.LoopController: iterationStart called on Loop Controller with source org.apache.jmeter.control.LoopController@61f4e509 and iteration 191
2019-11-11 19:09:48,416 INFO o.a.j.c.LoopController: iterationStart called on Loop Controller with source org.apache.jmeter.control.LoopController@61f4e509 and iteration 192
2019-11-11 19:09:49,495 INFO o.a.j.c.LoopController: iterationStart called on Loop Controller with source org.apache.jmeter.control.LoopController@61f4e509 and iteration 193
2019-11-11 19:09:50,770 INFO o.a.j.c.LoopController: iterationStart called on Loop Controller with source org.apache.jmeter.control.LoopController@61f4e509 and iteration 194
2019-11-11 19:09:52,125 INFO o.a.j.c.LoopController: iterationStart called on Loop Controller with source org.apache.jmeter.control.LoopController@61f4e509 and iteration 195
2019-11-11 19:09:53,323 INFO o.a.j.c.LoopController: iterationStart called on Loop Controller with source org.apache.jmeter.control.LoopController@61f4e509 and iteration 196
2019-11-11 19:09:54,421 INFO o.a.j.c.LoopController: iterationStart called on Loop Controller with source org.apache.jmeter.control.LoopController@61f4e509 and iteration 197
2019-11-11 19:09:55,694 INFO o.a.j.c.LoopController: iterationStart called on Loop Controller with source org.apache.jmeter.control.LoopController@61f4e509 and iteration 198
2019-11-11 19:09:56,979 INFO o.a.j.c.LoopController: iterationStart called on Loop Controller with source org.apache.jmeter.control.LoopController@61f4e509 and iteration 199
2019-11-11 19:09:57,983 INFO o.a.j.c.LoopController: iterationStart called on Loop Controller with source org.apache.jmeter.control.LoopController@61f4e509 and iteration 200
2019-11-11 19:09:59,214 INFO o.a.j.c.LoopController: iterationStart called on Loop Controller with source org.apache.jmeter.control.LoopController@61f4e509 and iteration 201
2019-11-11 19:10:00,224 INFO o.a.j.r.Summariser: summary +     97 in 00:00:30 =    3.2/s Avg:   229 Min:     1 Max:   645 Err:     0 (0.00%) Active: 1 Started: 1 Finished: 0
2019-11-11 19:10:00,224 INFO o.a.j.r.Summariser: summary =    802 in 00:04:24 =    3.0/s Avg:   244 Min:     1 Max:  4201 Err:     0 (0.00%)
2019-11-11 19:10:00,314 INFO o.a.j.c.LoopController: iterationStart called on Loop Controller with source org.apache.jmeter.control.LoopController@61f4e509 and iteration 202
2019-11-11 19:10:01,446 INFO o.a.j.c.LoopController: iterationStart called on Loop Controller with source org.apache.jmeter.control.LoopController@61f4e509 and iteration 203
2019-11-11 19:10:02,679 INFO o.a.j.c.LoopController: iterationStart called on Loop Controller with source org.apache.jmeter.control.LoopController@61f4e509 and iteration 204
2019-11-11 19:10:03,796 INFO o.a.j.c.LoopController: iterationStart called on Loop Controller with source org.apache.jmeter.control.LoopController@61f4e509 and iteration 205
2019-11-11 19:10:04,855 INFO o.a.j.c.LoopController: iterationStart called on Loop Controller with source org.apache.jmeter.control.LoopController@61f4e509 and iteration 206
2019-11-11 19:10:05,970 INFO o.a.j.c.LoopController: iterationStart called on Loop Controller with source org.apache.jmeter.control.LoopController@61f4e509 and iteration 207
2019-11-11 19:10:06,996 INFO o.a.j.c.LoopController: iterationStart called on Loop Controller with source org.apache.jmeter.control.LoopController@61f4e509 and iteration 208
2019-11-11 19:10:08,360 INFO o.a.j.c.LoopController: iterationStart called on Loop Controller with source org.apache.jmeter.control.LoopController@61f4e509 and iteration 209
2019-11-11 19:10:09,296 INFO o.a.j.c.LoopController: iterationStart called on Loop Controller with source org.apache.jmeter.control.LoopController@61f4e509 and iteration 210
2019-11-11 19:10:10,585 INFO o.a.j.c.LoopController: iterationStart called on Loop Controller with source org.apache.jmeter.control.LoopController@61f4e509 and iteration 211
2019-11-11 19:10:11,978 INFO o.a.j.c.LoopController: iterationStart called on Loop Controller with source org.apache.jmeter.control.LoopController@61f4e509 and iteration 212
2019-11-11 19:10:13,356 INFO o.a.j.c.LoopController: iterationStart called on Loop Controller with source org.apache.jmeter.control.LoopController@61f4e509 and iteration 213
2019-11-11 19:10:14,641 INFO o.a.j.c.LoopController: iterationStart called on Loop Controller with source org.apache.jmeter.control.LoopController@61f4e509 and iteration 214
2019-11-11 19:10:15,662 INFO o.a.j.c.LoopController: iterationStart called on Loop Controller with source org.apache.jmeter.control.LoopController@61f4e509 and iteration 215
2019-11-11 19:10:16,933 INFO o.a.j.c.LoopController: iterationStart called on Loop Controller with source org.apache.jmeter.control.LoopController@61f4e509 and iteration 216
2019-11-11 19:10:18,415 INFO o.a.j.c.LoopController: iterationStart called on Loop Controller with source org.apache.jmeter.control.LoopController@61f4e509 and iteration 217
2019-11-11 19:10:19,792 INFO o.a.j.c.LoopController: iterationStart called on Loop Controller with source org.apache.jmeter.control.LoopController@61f4e509 and iteration 218
2019-11-11 19:10:21,014 INFO o.a.j.c.LoopController: iterationStart called on Loop Controller with source org.apache.jmeter.control.LoopController@61f4e509 and iteration 219
2019-11-11 19:10:22,238 INFO o.a.j.c.LoopController: iterationStart called on Loop Controller with source org.apache.jmeter.control.LoopController@61f4e509 and iteration 220
2019-11-11 19:10:23,909 INFO o.a.j.c.LoopController: iterationStart called on Loop Controller with source org.apache.jmeter.control.LoopController@61f4e509 and iteration 221
2019-11-11 19:10:25,131 INFO o.a.j.c.LoopController: iterationStart called on Loop Controller with source org.apache.jmeter.control.LoopController@61f4e509 and iteration 222
2019-11-11 19:10:26,596 INFO o.a.j.c.LoopController: iterationStart called on Loop Controller with source org.apache.jmeter.control.LoopController@61f4e509 and iteration 223
2019-11-11 19:10:27,832 INFO o.a.j.c.LoopController: iterationStart called on Loop Controller with source org.apache.jmeter.control.LoopController@61f4e509 and iteration 224
2019-11-11 19:10:29,246 INFO o.a.j.c.LoopController: iterationStart called on Loop Controller with source org.apache.jmeter.control.LoopController@61f4e509 and iteration 225
2019-11-11 19:10:30,314 INFO o.a.j.r.Summariser: summary +     96 in 00:00:30 =    3.2/s Avg:   241 Min:     1 Max:   822 Err:     0 (0.00%) Active: 1 Started: 1 Finished: 0
2019-11-11 19:10:30,315 INFO o.a.j.r.Summariser: summary =    898 in 00:04:55 =    3.0/s Avg:   243 Min:     1 Max:  4201 Err:     0 (0.00%)
2019-11-11 19:10:30,350 INFO o.a.j.c.LoopController: iterationStart called on Loop Controller with source org.apache.jmeter.control.LoopController@61f4e509 and iteration 226
2019-11-11 19:10:31,788 INFO o.a.j.c.LoopController: iterationStart called on Loop Controller with source org.apache.jmeter.control.LoopController@61f4e509 and iteration 227
2019-11-11 19:10:32,986 INFO o.a.j.c.LoopController: iterationStart called on Loop Controller with source org.apache.jmeter.control.LoopController@61f4e509 and iteration 228
2019-11-11 19:10:34,348 INFO o.a.j.c.LoopController: iterationStart called on Loop Controller with source org.apache.jmeter.control.LoopController@61f4e509 and iteration 229
2019-11-11 19:10:35,758 INFO o.a.j.c.LoopController: iterationStart called on Loop Controller with source org.apache.jmeter.control.LoopController@61f4e509 and iteration 230
2019-11-11 19:10:37,332 INFO o.a.j.c.LoopController: iterationStart called on Loop Controller with source org.apache.jmeter.control.LoopController@61f4e509 and iteration 231
2019-11-11 19:10:38,565 INFO o.a.j.c.LoopController: iterationStart called on Loop Controller with source org.apache.jmeter.control.LoopController@61f4e509 and iteration 232
2019-11-11 19:10:39,723 INFO o.a.j.c.LoopController: iterationStart called on Loop Controller with source org.apache.jmeter.control.LoopController@61f4e509 and iteration 233
2019-11-11 19:10:41,183 INFO o.a.j.c.LoopController: iterationStart called on Loop Controller with source org.apache.jmeter.control.LoopController@61f4e509 and iteration 234
2019-11-11 19:10:42,546 INFO o.a.j.c.LoopController: iterationStart called on Loop Controller with source org.apache.jmeter.control.LoopController@61f4e509 and iteration 235
2019-11-11 19:10:43,964 INFO o.a.j.c.LoopController: iterationStart called on Loop Controller with source org.apache.jmeter.control.LoopController@61f4e509 and iteration 236
2019-11-11 19:10:45,199 INFO o.a.j.c.LoopController: iterationStart called on Loop Controller with source org.apache.jmeter.control.LoopController@61f4e509 and iteration 237
2019-11-11 19:10:46,543 INFO o.a.j.c.LoopController: iterationStart called on Loop Controller with source org.apache.jmeter.control.LoopController@61f4e509 and iteration 238
2019-11-11 19:10:47,704 INFO o.a.j.c.LoopController: iterationStart called on Loop Controller with source org.apache.jmeter.control.LoopController@61f4e509 and iteration 239
2019-11-11 19:10:48,840 INFO o.a.j.c.LoopController: iterationStart called on Loop Controller with source org.apache.jmeter.control.LoopController@61f4e509 and iteration 240
2019-11-11 19:10:50,198 INFO o.a.j.c.LoopController: iterationStart called on Loop Controller with source org.apache.jmeter.control.LoopController@61f4e509 and iteration 241
2019-11-11 19:10:51,452 INFO o.a.j.c.LoopController: iterationStart called on Loop Controller with source org.apache.jmeter.control.LoopController@61f4e509 and iteration 242
2019-11-11 19:10:52,678 INFO o.a.j.c.LoopController: iterationStart called on Loop Controller with source org.apache.jmeter.control.LoopController@61f4e509 and iteration 243
2019-11-11 19:10:54,257 INFO o.a.j.c.LoopController: iterationStart called on Loop Controller with source org.apache.jmeter.control.LoopController@61f4e509 and iteration 244
2019-11-11 19:10:55,510 INFO o.a.j.c.LoopController: iterationStart called on Loop Controller with source org.apache.jmeter.control.LoopController@61f4e509 and iteration 245
2019-11-11 19:10:56,879 INFO o.a.j.c.LoopController: iterationStart called on Loop Controller with source org.apache.jmeter.control.LoopController@61f4e509 and iteration 246
2019-11-11 19:10:58,136 INFO o.a.j.c.LoopController: iterationStart called on Loop Controller with source org.apache.jmeter.control.LoopController@61f4e509 and iteration 247
2019-11-11 19:10:59,235 INFO o.a.j.c.LoopController: iterationStart called on Loop Controller with source org.apache.jmeter.control.LoopController@61f4e509 and iteration 248
2019-11-11 19:11:00,441 INFO o.a.j.r.Summariser: summary +     92 in 00:00:30 =    3.1/s Avg:   247 Min:     0 Max:   674 Err:     0 (0.00%) Active: 1 Started: 1 Finished: 0
2019-11-11 19:11:00,442 INFO o.a.j.r.Summariser: summary =    990 in 00:05:25 =    3.0/s Avg:   244 Min:     0 Max:  4201 Err:     0 (0.00%)
2019-11-11 19:11:00,670 INFO o.a.j.c.LoopController: iterationStart called on Loop Controller with source org.apache.jmeter.control.LoopController@61f4e509 and iteration 249
2019-11-11 19:11:01,861 INFO o.a.j.c.LoopController: iterationStart called on Loop Controller with source org.apache.jmeter.control.LoopController@61f4e509 and iteration 250
2019-11-11 19:11:03,131 INFO o.a.j.c.LoopController: iterationStart called on Loop Controller with source org.apache.jmeter.control.LoopController@61f4e509 and iteration 251
2019-11-11 19:11:04,427 INFO o.a.j.c.LoopController: iterationStart called on Loop Controller with source org.apache.jmeter.control.LoopController@61f4e509 and iteration 252
2019-11-11 19:11:05,908 INFO o.a.j.c.LoopController: iterationStart called on Loop Controller with source org.apache.jmeter.control.LoopController@61f4e509 and iteration 253
2019-11-11 19:11:07,345 INFO o.a.j.c.LoopController: iterationStart called on Loop Controller with source org.apache.jmeter.control.LoopController@61f4e509 and iteration 254
2019-11-11 19:11:08,678 INFO o.a.j.c.LoopController: iterationStart called on Loop Controller with source org.apache.jmeter.control.LoopController@61f4e509 and iteration 255
2019-11-11 19:11:09,870 INFO o.a.j.c.LoopController: iterationStart called on Loop Controller with source org.apache.jmeter.control.LoopController@61f4e509 and iteration 256
2019-11-11 19:11:11,172 INFO o.a.j.c.LoopController: iterationStart called on Loop Controller with source org.apache.jmeter.control.LoopController@61f4e509 and iteration 257
2019-11-11 19:11:12,600 INFO o.a.j.c.LoopController: iterationStart called on Loop Controller with source org.apache.jmeter.control.LoopController@61f4e509 and iteration 258
2019-11-11 19:11:14,057 INFO o.a.j.c.LoopController: iterationStart called on Loop Controller with source org.apache.jmeter.control.LoopController@61f4e509 and iteration 259
2019-11-11 19:11:15,388 INFO o.a.j.c.LoopController: iterationStart called on Loop Controller with source org.apache.jmeter.control.LoopController@61f4e509 and iteration 260
2019-11-11 19:11:16,781 INFO o.a.j.c.LoopController: iterationStart called on Loop Controller with source org.apache.jmeter.control.LoopController@61f4e509 and iteration 261
2019-11-11 19:11:18,295 INFO o.a.j.c.LoopController: iterationStart called on Loop Controller with source org.apache.jmeter.control.LoopController@61f4e509 and iteration 262
2019-11-11 19:11:19,501 INFO o.a.j.c.LoopController: iterationStart called on Loop Controller with source org.apache.jmeter.control.LoopController@61f4e509 and iteration 263
2019-11-11 19:11:20,952 INFO o.a.j.c.LoopController: iterationStart called on Loop Controller with source org.apache.jmeter.control.LoopController@61f4e509 and iteration 264
2019-11-11 19:11:22,377 INFO o.a.j.c.LoopController: iterationStart called on Loop Controller with source org.apache.jmeter.control.LoopController@61f4e509 and iteration 265
2019-11-11 19:11:23,996 INFO o.a.j.c.LoopController: iterationStart called on Loop Controller with source org.apache.jmeter.control.LoopController@61f4e509 and iteration 266
2019-11-11 19:11:25,498 INFO o.a.j.c.LoopController: iterationStart called on Loop Controller with source org.apache.jmeter.control.LoopController@61f4e509 and iteration 267
2019-11-11 19:11:26,838 INFO o.a.j.c.LoopController: iterationStart called on Loop Controller with source org.apache.jmeter.control.LoopController@61f4e509 and iteration 268
2019-11-11 19:11:28,157 INFO o.a.j.c.LoopController: iterationStart called on Loop Controller with source org.apache.jmeter.control.LoopController@61f4e509 and iteration 269
2019-11-11 19:11:29,568 INFO o.a.j.c.LoopController: iterationStart called on Loop Controller with source org.apache.jmeter.control.LoopController@61f4e509 and iteration 270
2019-11-11 19:11:30,224 INFO o.a.j.r.Summariser: summary +     87 in 00:00:30 =    2.9/s Avg:   265 Min:     0 Max:   739 Err:     0 (0.00%) Active: 1 Started: 1 Finished: 0
2019-11-11 19:11:30,224 INFO o.a.j.r.Summariser: summary =   1077 in 00:05:54 =    3.0/s Avg:   246 Min:     0 Max:  4201 Err:     0 (0.00%)
2019-11-11 19:11:30,923 INFO o.a.j.c.LoopController: iterationStart called on Loop Controller with source org.apache.jmeter.control.LoopController@61f4e509 and iteration 271
2019-11-11 19:11:32,328 INFO o.a.j.c.LoopController: iterationStart called on Loop Controller with source org.apache.jmeter.control.LoopController@61f4e509 and iteration 272
2019-11-11 19:11:33,437 INFO o.a.j.c.LoopController: iterationStart called on Loop Controller with source org.apache.jmeter.control.LoopController@61f4e509 and iteration 273
2019-11-11 19:11:34,337 INFO o.a.j.r.ResultCollector: Shutdown hook started
2019-11-11 19:11:34,340 INFO o.a.j.r.ResultCollector: Shutdown hook ended
